This is pdfTeX, Version 3.141592653-2.6-1.40.25 (TeX Live 2023) (preloaded format=pdflatex 2023.4.20)  1 JUN 2024 09:58
entering extended mode
 restricted \write18 enabled.
 file:line:error style messages enabled.
 %&-line parsing enabled.
**/Users/yuxiao/Documents/Workspace/2024p4/main.tex
(/Users/yuxiao/Documents/Workspace/2024p4/main.tex
LaTeX2e <2022-11-01> patch level 1
L3 programming layer <2023-04-19> (./elsarticle.cls
Document Class: elsarticle 2020/11/20, 3.3: Elsevier Ltd
(/usr/local/texlive/2023/texmf-dist/tex/latex/l3kernel/expl3.sty
Package: expl3 2023-04-19 L3 programming layer (loader) 
 (/usr/local/texlive/2023/texmf-dist/tex/latex/l3backend/l3backend-pdftex.def
File: l3backend-pdftex.def 2023-04-19 L3 backend support: PDF output (pdfTeX)
\l__color_backend_stack_int=\count185
\l__pdf_internal_box=\box51
)) (/usr/local/texlive/2023/texmf-dist/tex/latex/l3packages/xparse/xparse.sty
Package: xparse 2023-02-02 L3 Experimental document command parser
) (/usr/local/texlive/2023/texmf-dist/tex/latex/etoolbox/etoolbox.sty
Package: etoolbox 2020/10/05 v2.5k e-TeX tools for LaTeX (JAW)
\etb@tempcnta=\count186
)
\@bls=\dimen140
 (/usr/local/texlive/2023/texmf-dist/tex/latex/base/article.cls
Document Class: article 2022/07/02 v1.4n Standard LaTeX document class
(/usr/local/texlive/2023/texmf-dist/tex/latex/base/size10.clo
File: size10.clo 2022/07/02 v1.4n Standard LaTeX file (size option)
)
\c@part=\count187
\c@section=\count188
\c@subsection=\count189
\c@subsubsection=\count190
\c@paragraph=\count191
\c@subparagraph=\count192
\c@figure=\count193
\c@table=\count194
\abovecaptionskip=\skip48
\belowcaptionskip=\skip49
\bibindent=\dimen141
) (/usr/local/texlive/2023/texmf-dist/tex/latex/graphics/graphicx.sty
Package: graphicx 2021/09/16 v1.2d Enhanced LaTeX Graphics (DPC,SPQR)
 (/usr/local/texlive/2023/texmf-dist/tex/latex/graphics/keyval.sty
Package: keyval 2022/05/29 v1.15 key=value parser (DPC)
\KV@toks@=\toks16
) (/usr/local/texlive/2023/texmf-dist/tex/latex/graphics/graphics.sty
Package: graphics 2022/03/10 v1.4e Standard LaTeX Graphics (DPC,SPQR)
 (/usr/local/texlive/2023/texmf-dist/tex/latex/graphics/trig.sty
Package: trig 2021/08/11 v1.11 sin cos tan (DPC)
) (/usr/local/texlive/2023/texmf-dist/tex/latex/graphics-cfg/graphics.cfg
File: graphics.cfg 2016/06/04 v1.11 sample graphics configuration
)
Package graphics Info: Driver file: pdftex.def on input line 107.
 (/usr/local/texlive/2023/texmf-dist/tex/latex/graphics-def/pdftex.def
File: pdftex.def 2022/09/22 v1.2b Graphics/color driver for pdftex
))
\Gin@req@height=\dimen142
\Gin@req@width=\dimen143
)
\c@tnote=\count195
\c@fnote=\count196
\c@cnote=\count197
\c@ead=\count198
\c@author=\count199
\@eadauthor=\toks17
\c@affn=\count266
\absbox=\box52
\elsarticlehighlightsbox=\box53
\elsarticlegrabsbox=\box54
\keybox=\box55
\Columnwidth=\dimen144
\space@left=\dimen145
\els@boxa=\box56
\els@boxb=\box57
\leftMargin=\dimen146
\@enLab=\toks18
\@sep=\skip50
\@@sep=\skip51
 (./main.spl) (/usr/local/texlive/2023/texmf-dist/tex/latex/natbib/natbib.sty
Package: natbib 2010/09/13 8.31b (PWD, AO)
\bibhang=\skip52
\bibsep=\skip53
LaTeX Info: Redefining \cite on input line 694.
\c@NAT@ctr=\count267
)
\splwrite=\write3
\openout3 = `main.spl'.

\appnamewidth=\dimen147
) (/usr/local/texlive/2023/texmf-dist/tex/generic/babel/babel.sty
Package: babel 2023/04/18 3.88 The Babel package
\babel@savecnt=\count268
\U@D=\dimen148
\l@unhyphenated=\language87
 (/usr/local/texlive/2023/texmf-dist/tex/generic/babel/txtbabel.def)
\bbl@readstream=\read2
\bbl@dirlevel=\count269
 (/usr/local/texlive/2023/texmf-dist/tex/generic/babel-english/english.ldf
Language: english 2017/06/06 v3.3r English support from the babel system
Package babel Info: Hyphen rules for 'canadian' set to \l@english
(babel)             (\language0). Reported on input line 102.
Package babel Info: Hyphen rules for 'australian' set to \l@ukenglish
(babel)             (\language21). Reported on input line 105.
Package babel Info: Hyphen rules for 'newzealand' set to \l@ukenglish
(babel)             (\language21). Reported on input line 108.
)) (/usr/local/texlive/2023/texmf-dist/tex/generic/babel/locale/en/babel-english.tex
Package babel Info: Importing font and identification data for english
(babel)             from babel-en.ini. Reported on input line 11.
) (/usr/local/texlive/2023/texmf-dist/tex/latex/base/inputenc.sty
Package: inputenc 2021/02/14 v1.3d Input encoding file
\inpenc@prehook=\toks19
\inpenc@posthook=\toks20
) (./johd.sty
\titlebox=\skip54
 (/usr/local/texlive/2023/texmf-dist/tex/latex/graphics/color.sty
Package: color 2022/01/06 v1.3d Standard LaTeX Color (DPC)
 (/usr/local/texlive/2023/texmf-dist/tex/latex/graphics-cfg/color.cfg
File: color.cfg 2016/01/02 v1.6 sample color configuration
)
Package color Info: Driver file: pdftex.def on input line 149.
 (/usr/local/texlive/2023/texmf-dist/tex/latex/graphics/mathcolor.ltx)) (/usr/local/texlive/2023/texmf-dist/tex/latex/xurl/xurl.sty
Package: xurl 2022/01/09 v 0.10 modify URL breaks
 (/usr/local/texlive/2023/texmf-dist/tex/latex/url/url.sty
\Urlmuskip=\muskip16
Package: url 2013/09/16  ver 3.4  Verb mode for urls, etc.
)) (/usr/local/texlive/2023/texmf-dist/tex/latex/hyperref/hyperref.sty
Package: hyperref 2023-02-07 v7.00v Hypertext links for LaTeX
 (/usr/local/texlive/2023/texmf-dist/tex/generic/ltxcmds/ltxcmds.sty
Package: ltxcmds 2020-05-10 v1.25 LaTeX kernel commands for general use (HO)
) (/usr/local/texlive/2023/texmf-dist/tex/generic/iftex/iftex.sty
Package: iftex 2022/02/03 v1.0f TeX engine tests
) (/usr/local/texlive/2023/texmf-dist/tex/generic/pdftexcmds/pdftexcmds.sty
Package: pdftexcmds 2020-06-27 v0.33 Utility functions of pdfTeX for LuaTeX (HO)
 (/usr/local/texlive/2023/texmf-dist/tex/generic/infwarerr/infwarerr.sty
Package: infwarerr 2019/12/03 v1.5 Providing info/warning/error messages (HO)
)
Package pdftexcmds Info: \pdf@primitive is available.
Package pdftexcmds Info: \pdf@ifprimitive is available.
Package pdftexcmds Info: \pdfdraftmode found.
) (/usr/local/texlive/2023/texmf-dist/tex/latex/kvsetkeys/kvsetkeys.sty
Package: kvsetkeys 2022-10-05 v1.19 Key value parser (HO)
) (/usr/local/texlive/2023/texmf-dist/tex/generic/kvdefinekeys/kvdefinekeys.sty
Package: kvdefinekeys 2019-12-19 v1.6 Define keys (HO)
) (/usr/local/texlive/2023/texmf-dist/tex/generic/pdfescape/pdfescape.sty
Package: pdfescape 2019/12/09 v1.15 Implements pdfTeX's escape features (HO)
) (/usr/local/texlive/2023/texmf-dist/tex/latex/hycolor/hycolor.sty
Package: hycolor 2020-01-27 v1.10 Color options for hyperref/bookmark (HO)
) (/usr/local/texlive/2023/texmf-dist/tex/latex/letltxmacro/letltxmacro.sty
Package: letltxmacro 2019/12/03 v1.6 Let assignment for LaTeX macros (HO)
) (/usr/local/texlive/2023/texmf-dist/tex/latex/auxhook/auxhook.sty
Package: auxhook 2019-12-17 v1.6 Hooks for auxiliary files (HO)
) (/usr/local/texlive/2023/texmf-dist/tex/latex/hyperref/nameref.sty
Package: nameref 2022-05-17 v2.50 Cross-referencing by name of section
 (/usr/local/texlive/2023/texmf-dist/tex/latex/refcount/refcount.sty
Package: refcount 2019/12/15 v3.6 Data extraction from label references (HO)
) (/usr/local/texlive/2023/texmf-dist/tex/generic/gettitlestring/gettitlestring.sty
Package: gettitlestring 2019/12/15 v1.6 Cleanup title references (HO)
 (/usr/local/texlive/2023/texmf-dist/tex/latex/kvoptions/kvoptions.sty
Package: kvoptions 2022-06-15 v3.15 Key value format for package options (HO)
))
\c@section@level=\count270
)
\@linkdim=\dimen149
\Hy@linkcounter=\count271
\Hy@pagecounter=\count272
 (/usr/local/texlive/2023/texmf-dist/tex/latex/hyperref/pd1enc.def
File: pd1enc.def 2023-02-07 v7.00v Hyperref: PDFDocEncoding definition (HO)
Now handling font encoding PD1 ...
... no UTF-8 mapping file for font encoding PD1
) (/usr/local/texlive/2023/texmf-dist/tex/generic/intcalc/intcalc.sty
Package: intcalc 2019/12/15 v1.3 Expandable calculations with integers (HO)
) (/usr/local/texlive/2023/texmf-dist/tex/generic/etexcmds/etexcmds.sty
Package: etexcmds 2019/12/15 v1.7 Avoid name clashes with e-TeX commands (HO)
)
\Hy@SavedSpaceFactor=\count273
 (/usr/local/texlive/2023/texmf-dist/tex/latex/hyperref/puenc.def
File: puenc.def 2023-02-07 v7.00v Hyperref: PDF Unicode definition (HO)
Now handling font encoding PU ...
... no UTF-8 mapping file for font encoding PU
)
Package hyperref Info: Option `colorlinks' set `true' on input line 4060.
Package hyperref Info: Option `bookmarks' set `false' on input line 4060.
Package hyperref Info: Option `hypertexnames' set `true' on input line 4060.
Package hyperref Info: Hyper figures OFF on input line 4177.
Package hyperref Info: Link nesting OFF on input line 4182.
Package hyperref Info: Hyper index ON on input line 4185.
Package hyperref Info: Plain pages OFF on input line 4192.
Package hyperref Info: Backreferencing OFF on input line 4197.
Package hyperref Info: Implicit mode ON; LaTeX internals redefined.
Package hyperref Info: Bookmarks OFF on input line 4431.
\c@Hy@tempcnt=\count274
LaTeX Info: Redefining \url on input line 4763.
\XeTeXLinkMargin=\dimen150
 (/usr/local/texlive/2023/texmf-dist/tex/generic/bitset/bitset.sty
Package: bitset 2019/12/09 v1.3 Handle bit-vector datatype (HO)
 (/usr/local/texlive/2023/texmf-dist/tex/generic/bigintcalc/bigintcalc.sty
Package: bigintcalc 2019/12/15 v1.5 Expandable calculations on big integers (HO)
))
\Fld@menulength=\count275
\Field@Width=\dimen151
\Fld@charsize=\dimen152
Package hyperref Info: Hyper figures OFF on input line 6042.
Package hyperref Info: Link nesting OFF on input line 6047.
Package hyperref Info: Hyper index ON on input line 6050.
Package hyperref Info: backreferencing OFF on input line 6057.
Package hyperref Info: Link coloring ON on input line 6060.
Package hyperref Info: Link coloring with OCG OFF on input line 6067.
Package hyperref Info: PDF/A mode OFF on input line 6072.
 (/usr/local/texlive/2023/texmf-dist/tex/latex/base/atbegshi-ltx.sty
Package: atbegshi-ltx 2021/01/10 v1.0c Emulation of the original atbegshi
package with kernel methods
)
\Hy@abspage=\count276
\c@Item=\count277
\c@Hfootnote=\count278
)
Package hyperref Info: Driver (autodetected): hpdftex.
 (/usr/local/texlive/2023/texmf-dist/tex/latex/hyperref/hpdftex.def
File: hpdftex.def 2023-02-07 v7.00v Hyperref driver for pdfTeX
 (/usr/local/texlive/2023/texmf-dist/tex/latex/base/atveryend-ltx.sty
Package: atveryend-ltx 2020/08/19 v1.0a Emulation of the original atveryend package
with kernel methods
)
\Fld@listcount=\count279
\c@bookmark@seq@number=\count280
 (/usr/local/texlive/2023/texmf-dist/tex/latex/rerunfilecheck/rerunfilecheck.sty
Package: rerunfilecheck 2022-07-10 v1.10 Rerun checks for auxiliary files (HO)
 (/usr/local/texlive/2023/texmf-dist/tex/generic/uniquecounter/uniquecounter.sty
Package: uniquecounter 2019/12/15 v1.4 Provide unlimited unique counter (HO)
)
Package uniquecounter Info: New unique counter `rerunfilecheck' on input line 285.
)
\Hy@SectionHShift=\skip55
) (/usr/local/texlive/2023/texmf-dist/tex/latex/float/float.sty
Package: float 2001/11/08 v1.3d Float enhancements (AL)
\c@float@type=\count281
\float@exts=\toks21
\float@box=\box58
\@float@everytoks=\toks22
\@floatcapt=\box59
) (/usr/local/texlive/2023/texmf-dist/tex/latex/doi/doi.sty
Package: doi 2018/09/09 handle doi numbers
)) (/usr/local/texlive/2023/texmf-dist/tex/latex/amsmath/amsmath.sty
Package: amsmath 2022/04/08 v2.17n AMS math features
\@mathmargin=\skip56

For additional information on amsmath, use the `?' option.
(/usr/local/texlive/2023/texmf-dist/tex/latex/amsmath/amstext.sty
Package: amstext 2021/08/26 v2.01 AMS text
 (/usr/local/texlive/2023/texmf-dist/tex/latex/amsmath/amsgen.sty
File: amsgen.sty 1999/11/30 v2.0 generic functions
\@emptytoks=\toks23
\ex@=\dimen153
)) (/usr/local/texlive/2023/texmf-dist/tex/latex/amsmath/amsbsy.sty
Package: amsbsy 1999/11/29 v1.2d Bold Symbols
\pmbraise@=\dimen154
) (/usr/local/texlive/2023/texmf-dist/tex/latex/amsmath/amsopn.sty
Package: amsopn 2022/04/08 v2.04 operator names
)
\inf@bad=\count282
LaTeX Info: Redefining \frac on input line 234.
\uproot@=\count283
\leftroot@=\count284
LaTeX Info: Redefining \overline on input line 399.
LaTeX Info: Redefining \colon on input line 410.
\classnum@=\count285
\DOTSCASE@=\count286
LaTeX Info: Redefining \ldots on input line 496.
LaTeX Info: Redefining \dots on input line 499.
LaTeX Info: Redefining \cdots on input line 620.
\Mathstrutbox@=\box60
\strutbox@=\box61
LaTeX Info: Redefining \big on input line 722.
LaTeX Info: Redefining \Big on input line 723.
LaTeX Info: Redefining \bigg on input line 724.
LaTeX Info: Redefining \Bigg on input line 725.
\big@size=\dimen155
LaTeX Font Info:    Redeclaring font encoding OML on input line 743.
LaTeX Font Info:    Redeclaring font encoding OMS on input line 744.
\macc@depth=\count287
LaTeX Info: Redefining \bmod on input line 905.
LaTeX Info: Redefining \pmod on input line 910.
LaTeX Info: Redefining \smash on input line 940.
LaTeX Info: Redefining \relbar on input line 970.
LaTeX Info: Redefining \Relbar on input line 971.
\c@MaxMatrixCols=\count288
\dotsspace@=\muskip17
\c@parentequation=\count289
\dspbrk@lvl=\count290
\tag@help=\toks24
\row@=\count291
\column@=\count292
\maxfields@=\count293
\andhelp@=\toks25
\eqnshift@=\dimen156
\alignsep@=\dimen157
\tagshift@=\dimen158
\tagwidth@=\dimen159
\totwidth@=\dimen160
\lineht@=\dimen161
\@envbody=\toks26
\multlinegap=\skip57
\multlinetaggap=\skip58
\mathdisplay@stack=\toks27
LaTeX Info: Redefining \[ on input line 2953.
LaTeX Info: Redefining \] on input line 2954.
) (/usr/local/texlive/2023/texmf-dist/tex/latex/tools/bm.sty
Package: bm 2022/01/05 v1.2f Bold Symbol Support (DPC/FMi)
\symboldoperators=\mathgroup4
\symboldletters=\mathgroup5
\symboldsymbols=\mathgroup6
Package bm Info: No bold for \OMX/cmex/m/n, using \pmb.
LaTeX Font Info:    Redeclaring math alphabet \mathbf on input line 149.
) (/usr/local/texlive/2023/texmf-dist/tex/latex/amsfonts/amssymb.sty
Package: amssymb 2013/01/14 v3.01 AMS font symbols
 (/usr/local/texlive/2023/texmf-dist/tex/latex/amsfonts/amsfonts.sty
Package: amsfonts 2013/01/14 v3.01 Basic AMSFonts support
\symAMSa=\mathgroup7
\symAMSb=\mathgroup8
LaTeX Font Info:    Redeclaring math symbol \hbar on input line 98.
LaTeX Font Info:    Overwriting math alphabet `\mathfrak' in version `bold'
(Font)                  U/euf/m/n --> U/euf/b/n on input line 106.
)) (/usr/local/texlive/2023/texmf-dist/tex/latex/graphics/rotating.sty
Package: rotating 2016/08/11 v2.16d rotated objects in LaTeX
 (/usr/local/texlive/2023/texmf-dist/tex/latex/base/ifthen.sty
Package: ifthen 2022/04/13 v1.1d Standard LaTeX ifthen package (DPC)
)
\c@r@tfl@t=\count294
\rotFPtop=\skip59
\rotFPbot=\skip60
\rot@float@box=\box62
\rot@mess@toks=\toks28
) (/usr/local/texlive/2023/texmf-dist/tex/latex/caption/caption.sty
Package: caption 2023/03/12 v3.6j Customizing captions (AR)
 (/usr/local/texlive/2023/texmf-dist/tex/latex/caption/caption3.sty
Package: caption3 2023/03/12 v2.4 caption3 kernel (AR)
\caption@tempdima=\dimen162
\captionmargin=\dimen163
\caption@leftmargin=\dimen164
\caption@rightmargin=\dimen165
\caption@width=\dimen166
\caption@indent=\dimen167
\caption@parindent=\dimen168
\caption@hangindent=\dimen169
Package caption Info: elsarticle document class detected.
 (/usr/local/texlive/2023/texmf-dist/tex/latex/caption/caption-elsarticle.sto
File: caption-elsarticle.sto 2020/08/22 v2.0 Adaption of the caption package to the elsarticle document class (AR)
))
\c@caption@flags=\count295
\c@continuedfloat=\count296
Package caption Info: float package is loaded.
Package caption Info: hyperref package is loaded.
Package caption Info: rotating package is loaded.
) (/usr/local/texlive/2023/texmf-dist/tex/latex/caption/subcaption.sty
Package: subcaption 2023/02/19 v1.6 Sub-captions (AR)
Package caption Info: New subtype `subfigure' on input line 239.
\c@subfigure=\count297
Package caption Info: New subtype `subtable' on input line 239.
\c@subtable=\count298
) (/usr/local/texlive/2023/texmf-dist/tex/latex/booktabs/booktabs.sty
Package: booktabs 2020/01/12 v1.61803398 Publication quality tables
\heavyrulewidth=\dimen170
\lightrulewidth=\dimen171
\cmidrulewidth=\dimen172
\belowrulesep=\dimen173
\belowbottomsep=\dimen174
\aboverulesep=\dimen175
\abovetopsep=\dimen176
\cmidrulesep=\dimen177
\cmidrulekern=\dimen178
\defaultaddspace=\dimen179
\@cmidla=\count299
\@cmidlb=\count300
\@aboverulesep=\dimen180
\@belowrulesep=\dimen181
\@thisruleclass=\count301
\@lastruleclass=\count302
\@thisrulewidth=\dimen182
) (/usr/local/texlive/2023/texmf-dist/tex/latex/multirow/multirow.sty
Package: multirow 2021/03/15 v2.8 Span multiple rows of a table
\multirow@colwidth=\skip61
\multirow@cntb=\count303
\multirow@dima=\skip62
\bigstrutjot=\dimen183
) (/usr/local/texlive/2023/texmf-dist/tex/latex/threeparttable/threeparttable.sty
Package: threeparttable 2003/06/13  v 3.0
\@tempboxb=\box63
) (/usr/local/texlive/2023/texmf-dist/tex/latex/xcolor/xcolor.sty
Package: xcolor 2022/06/12 v2.14 LaTeX color extensions (UK)
 (/usr/local/texlive/2023/texmf-dist/tex/latex/graphics-cfg/color.cfg
File: color.cfg 2016/01/02 v1.6 sample color configuration
)
Package xcolor Info: Driver file: pdftex.def on input line 227.
 (/usr/local/texlive/2023/texmf-dist/tex/latex/colortbl/colortbl.sty
Package: colortbl 2022/06/20 v1.0f Color table columns (DPC)
 (/usr/local/texlive/2023/texmf-dist/tex/latex/tools/array.sty
Package: array 2022/09/04 v2.5g Tabular extension package (FMi)
\col@sep=\dimen184
\ar@mcellbox=\box64
\extrarowheight=\dimen185
\NC@list=\toks29
\extratabsurround=\skip63
\backup@length=\skip64
\ar@cellbox=\box65
)
\everycr=\toks30
\minrowclearance=\skip65
\rownum=\count304
)
LaTeX Info: Redefining \color on input line 711.
 (/usr/local/texlive/2023/texmf-dist/tex/latex/graphics/mathcolor.ltx)
Package xcolor Info: Model `cmy' substituted by `cmy0' on input line 1353.
Package xcolor Info: Model `hsb' substituted by `rgb' on input line 1357.
Package xcolor Info: Model `RGB' extended on input line 1369.
Package xcolor Info: Model `HTML' substituted by `rgb' on input line 1371.
Package xcolor Info: Model `Hsb' substituted by `hsb' on input line 1372.
Package xcolor Info: Model `tHsb' substituted by `hsb' on input line 1373.
Package xcolor Info: Model `HSB' substituted by `hsb' on input line 1374.
Package xcolor Info: Model `Gray' substituted by `gray' on input line 1375.
Package xcolor Info: Model `wave' substituted by `hsb' on input line 1376.
) (/usr/local/texlive/2023/texmf-dist/tex/latex/setspace/setspace.sty
Package: setspace 2022/12/04 v6.7b set line spacing
) (/usr/local/texlive/2023/texmf-dist/tex/latex/lineno/lineno.sty
Package: lineno 2023/01/19 line numbers on paragraphs v5.1
\linenopenalty=\count305
\output=\toks31
\linenoprevgraf=\count306
\linenumbersep=\dimen186
\linenumberwidth=\dimen187
\c@linenumber=\count307
\c@pagewiselinenumber=\count308
\c@LN@truepage=\count309
\c@internallinenumber=\count310
\c@internallinenumbers=\count311
\quotelinenumbersep=\dimen188
\bframerule=\dimen189
\bframesep=\dimen190
\bframebox=\box66
\linenoamsmath@ams@eqpen=\count312
LaTeX Info: Redefining \\ on input line 3131.
) (./main.aux)
\openout1 = `main.aux'.

LaTeX Font Info:    Checking defaults for OML/cmm/m/it on input line 29.
LaTeX Font Info:    ... okay on input line 29.
LaTeX Font Info:    Checking defaults for OMS/cmsy/m/n on input line 29.
LaTeX Font Info:    ... okay on input line 29.
LaTeX Font Info:    Checking defaults for OT1/cmr/m/n on input line 29.
LaTeX Font Info:    ... okay on input line 29.
LaTeX Font Info:    Checking defaults for T1/cmr/m/n on input line 29.
LaTeX Font Info:    ... okay on input line 29.
LaTeX Font Info:    Checking defaults for TS1/cmr/m/n on input line 29.
LaTeX Font Info:    ... okay on input line 29.
LaTeX Font Info:    Checking defaults for OMX/cmex/m/n on input line 29.
LaTeX Font Info:    ... okay on input line 29.
LaTeX Font Info:    Checking defaults for U/cmr/m/n on input line 29.
LaTeX Font Info:    ... okay on input line 29.
LaTeX Font Info:    Checking defaults for PD1/pdf/m/n on input line 29.
LaTeX Font Info:    ... okay on input line 29.
LaTeX Font Info:    Checking defaults for PU/pdf/m/n on input line 29.
LaTeX Font Info:    ... okay on input line 29.
 (/usr/local/texlive/2023/texmf-dist/tex/context/base/mkii/supp-pdf.mkii
[Loading MPS to PDF converter (version 2006.09.02).]
\scratchcounter=\count313
\scratchdimen=\dimen191
\scratchbox=\box67
\nofMPsegments=\count314
\nofMParguments=\count315
\everyMPshowfont=\toks32
\MPscratchCnt=\count316
\MPscratchDim=\dimen192
\MPnumerator=\count317
\makeMPintoPDFobject=\count318
\everyMPtoPDFconversion=\toks33
) (/usr/local/texlive/2023/texmf-dist/tex/latex/epstopdf-pkg/epstopdf-base.sty
Package: epstopdf-base 2020-01-24 v2.11 Base part for package epstopdf
Package epstopdf-base Info: Redefining graphics rule for `.eps' on input line 485.
 (/usr/local/texlive/2023/texmf-dist/tex/latex/latexconfig/epstopdf-sys.cfg
File: epstopdf-sys.cfg 2010/07/13 v1.3 Configuration of (r)epstopdf for TeX Live
))
Package hyperref Info: Link coloring ON on input line 29.
Package caption Info: Begin \AtBeginDocument code.
Package caption Info: threeparttable package is loaded.
Package caption Info: End \AtBeginDocument code.
LaTeX Font Info:    Trying to load font information for U+msa on input line 55.
 (/usr/local/texlive/2023/texmf-dist/tex/latex/amsfonts/umsa.fd
File: umsa.fd 2013/01/14 v3.01 AMS symbols A
)
LaTeX Font Info:    Trying to load font information for U+msb on input line 55.
 (/usr/local/texlive/2023/texmf-dist/tex/latex/amsfonts/umsb.fd
File: umsb.fd 2013/01/14 v3.01 AMS symbols B
)
Overfull \vbox (23.44478pt too high) has occurred while \output is active []


Overfull \hbox (2.22221pt too wide) has occurred while \output is active
[] 
 []


Package hyperref Warning: Token not allowed in a PDF string (Unicode):
(hyperref)                removing `\<def>-command' on input line 97.


Package hyperref Warning: Token not allowed in a PDF string (Unicode):
(hyperref)                removing `\cnotenum' on input line 97.


Package hyperref Warning: Token not allowed in a PDF string (Unicode):
(hyperref)                removing `\<def>-command' on input line 97.


Package hyperref Warning: Token not allowed in a PDF string (Unicode):
(hyperref)                removing `\@corref' on input line 97.

[1


{/usr/local/texlive/2023/texmf-var/fonts/map/pdftex/updmap/pdftex.map}]
<figure/TOPS Scan pattern for S-1 IW mode.png, id=53, 1052.43187pt x 540.51938pt>
File: figure/TOPS Scan pattern for S-1 IW mode.png Graphic file (type png)
<use figure/TOPS Scan pattern for S-1 IW mode.png>
Package pdftex.def Info: figure/TOPS Scan pattern for S-1 IW mode.png  used on input line 109.
(pdftex.def)             Requested size: 364.19664pt x 187.04846pt.
\tblwidth=\skip66

Overfull \hbox (11.99998pt too wide) in alignment at lines 122--147
[] [] 
 []

[2 <./figure/TOPS Scan pattern for S-1 IW mode.png>]
<figure/The principle of ESD.png, id=76, 591.8913pt x 512.1534pt>
File: figure/The principle of ESD.png Graphic file (type png)
<use figure/The principle of ESD.png>
Package pdftex.def Info: figure/The principle of ESD.png  used on input line 180.
(pdftex.def)             Requested size: 273.14922pt x 236.35146pt.
 [3 <./figure/The principle of ESD.png

pdfTeX warning: pdflatex (file ./figure/The principle of ESD.png): large interlaced PNG might cause out of memory (use non-interlaced PNG to fix this)
>] [4] [5]
<figure/Experimental flow chart.png, id=142, 2137.9875pt x 1385.175pt>
File: figure/Experimental flow chart.png Graphic file (type png)
<use figure/Experimental flow chart.png>
Package pdftex.def Info: figure/Experimental flow chart.png  used on input line 317.
(pdftex.def)             Requested size: 318.66946pt x 206.45685pt.
<figure/SAR data coverage/TaklimakanDesert.png, id=145, 597.6729pt x 484.06445pt>
File: figure/SAR data coverage/TaklimakanDesert.png Graphic file (type png)
<use figure/SAR data coverage/TaklimakanDesert.png>
Package pdftex.def Info: figure/SAR data coverage/TaklimakanDesert.png  used on input line 330.
(pdftex.def)             Requested size: 145.68143pt x 117.98746pt.
<figure/SAR data coverage/Mexico.png, id=146, 298.90872pt x 242.1045pt>
File: figure/SAR data coverage/Mexico.png Graphic file (type png)
<use figure/SAR data coverage/Mexico.png>
Package pdftex.def Info: figure/SAR data coverage/Mexico.png  used on input line 336.
(pdftex.def)             Requested size: 145.68143pt x 117.99684pt.
<figure/SAR data coverage/XiAn.png, id=147, 298.90872pt x 242.1045pt>
File: figure/SAR data coverage/XiAn.png Graphic file (type png)
<use figure/SAR data coverage/XiAn.png>
Package pdftex.def Info: figure/SAR data coverage/XiAn.png  used on input line 342.
(pdftex.def)             Requested size: 145.68143pt x 117.99684pt.
<figure/SAR data coverage/Milan.png, id=148, 298.90872pt x 242.1045pt>
File: figure/SAR data coverage/Milan.png Graphic file (type png)
<use figure/SAR data coverage/Milan.png>
Package pdftex.def Info: figure/SAR data coverage/Milan.png  used on input line 349.
(pdftex.def)             Requested size: 145.68143pt x 117.99684pt.
<figure/SAR data coverage/Finland.png, id=149, 298.90872pt x 242.1045pt>
File: figure/SAR data coverage/Finland.png Graphic file (type png)
<use figure/SAR data coverage/Finland.png>
Package pdftex.def Info: figure/SAR data coverage/Finland.png  used on input line 355.
(pdftex.def)             Requested size: 145.68143pt x 117.99684pt.
 [6 <./figure/Experimental flow chart.png>] [7 <./figure/SAR data coverage/TaklimakanDesert.png> <./figure/SAR data coverage/Mexico.png> <./figure/SAR data coverage/XiAn.png> <./figure/SAR data coverage/Milan.png> <./figure/SAR data coverage/Finland.png>]

LaTeX Warning: Float too large for page by 14.64288pt on input line 516.

<figure/The cross-interferogram/cross_interf_TaklimakanDesert_asc.png, id=184, 346.896pt x 173.448pt>
File: figure/The cross-interferogram/cross_interf_TaklimakanDesert_asc.png Graphic file (type png)
<use figure/The cross-interferogram/cross_interf_TaklimakanDesert_asc.png>
Package pdftex.def Info: figure/The cross-interferogram/cross_interf_TaklimakanDesert_asc.png  used on input line 528.
(pdftex.def)             Requested size: 113.81102pt x 56.90454pt.
<figure/The cross-interferogram/cross_interf_TaklimakanDesert_asc_row&fitted_20230102.png, id=185, 722.7pt x 433.62pt>
File: figure/The cross-interferogram/cross_interf_TaklimakanDesert_asc_row&fitted_20230102.png Graphic file (type png)
<use figure/The cross-interferogram/cross_interf_TaklimakanDesert_asc_row&fitted_20230102.png>
Package pdftex.def Info: figure/The cross-interferogram/cross_interf_TaklimakanDesert_asc_row&fitted_20230102.png  used on input line 532.
(pdftex.def)             Requested size: 113.81102pt x 68.28227pt.
<figure/The cross-interferogram/cross_interf_TaklimakanDesert_des.png, id=186, 346.896pt x 173.448pt>
File: figure/The cross-interferogram/cross_interf_TaklimakanDesert_des.png Graphic file (type png)
<use figure/The cross-interferogram/cross_interf_TaklimakanDesert_des.png>
Package pdftex.def Info: figure/The cross-interferogram/cross_interf_TaklimakanDesert_des.png  used on input line 541.
(pdftex.def)             Requested size: 113.81102pt x 56.90454pt.
<figure/The cross-interferogram/cross_interf_TaklimakanDesert_des_row&fitted_20230108.png, id=187, 722.7pt x 433.62pt>
File: figure/The cross-interferogram/cross_interf_TaklimakanDesert_des_row&fitted_20230108.png Graphic file (type png)
<use figure/The cross-interferogram/cross_interf_TaklimakanDesert_des_row&fitted_20230108.png>
Package pdftex.def Info: figure/The cross-interferogram/cross_interf_TaklimakanDesert_des_row&fitted_20230108.png  used on input line 545.
(pdftex.def)             Requested size: 113.81102pt x 68.28227pt.
<figure/The cross-interferogram/cross_interf_Mexico_asc.png, id=188, 346.896pt x 86.724pt>
File: figure/The cross-interferogram/cross_interf_Mexico_asc.png Graphic file (type png)
<use figure/The cross-interferogram/cross_interf_Mexico_asc.png>
Package pdftex.def Info: figure/The cross-interferogram/cross_interf_Mexico_asc.png  used on input line 555.
(pdftex.def)             Requested size: 113.81102pt x 28.45226pt.
<figure/The cross-interferogram/cross_interf_Mexico_asc_row&fitted_20230104.png, id=189, 722.7pt x 433.62pt>
File: figure/The cross-interferogram/cross_interf_Mexico_asc_row&fitted_20230104.png Graphic file (type png)
<use figure/The cross-interferogram/cross_interf_Mexico_asc_row&fitted_20230104.png>
Package pdftex.def Info: figure/The cross-interferogram/cross_interf_Mexico_asc_row&fitted_20230104.png  used on input line 559.
(pdftex.def)             Requested size: 113.81102pt x 68.28227pt.
<figure/The cross-interferogram/cross_interf_Mexico_des.png, id=190, 346.896pt x 86.724pt>
File: figure/The cross-interferogram/cross_interf_Mexico_des.png Graphic file (type png)
<use figure/The cross-interferogram/cross_interf_Mexico_des.png>
Package pdftex.def Info: figure/The cross-interferogram/cross_interf_Mexico_des.png  used on input line 568.
(pdftex.def)             Requested size: 113.81102pt x 28.45226pt.
<figure/The cross-interferogram/cross_interf_Mexico_des_row&fitted_20230106.png, id=191, 722.7pt x 433.62pt>
File: figure/The cross-interferogram/cross_interf_Mexico_des_row&fitted_20230106.png Graphic file (type png)
<use figure/The cross-interferogram/cross_interf_Mexico_des_row&fitted_20230106.png>
Package pdftex.def Info: figure/The cross-interferogram/cross_interf_Mexico_des_row&fitted_20230106.png  used on input line 572.
(pdftex.def)             Requested size: 113.81102pt x 68.28227pt.
<figure/The cross-interferogram/cross_interf_XiAn_asc.png, id=192, 346.896pt x 86.724pt>
File: figure/The cross-interferogram/cross_interf_XiAn_asc.png Graphic file (type png)
<use figure/The cross-interferogram/cross_interf_XiAn_asc.png>
Package pdftex.def Info: figure/The cross-interferogram/cross_interf_XiAn_asc.png  used on input line 582.
(pdftex.def)             Requested size: 113.81102pt x 28.45226pt.
<figure/The cross-interferogram/cross_interf_XiAn_asc_row&fitted_20230109.png, id=193, 722.7pt x 433.62pt>
File: figure/The cross-interferogram/cross_interf_XiAn_asc_row&fitted_20230109.png Graphic file (type png)
<use figure/The cross-interferogram/cross_interf_XiAn_asc_row&fitted_20230109.png>
Package pdftex.def Info: figure/The cross-interferogram/cross_interf_XiAn_asc_row&fitted_20230109.png  used on input line 586.
(pdftex.def)             Requested size: 113.81102pt x 68.28227pt.
<figure/The cross-interferogram/colorbar.png, id=194, 404.712pt x 86.724pt>
File: figure/The cross-interferogram/colorbar.png Graphic file (type png)
<use figure/The cross-interferogram/colorbar.png>
Package pdftex.def Info: figure/The cross-interferogram/colorbar.png  used on input line 593.
(pdftex.def)             Requested size: 227.62204pt x 48.77682pt.
<figure/The cross-interferogram/cross_interf_Milan_asc.png, id=195, 346.896pt x 86.724pt>
File: figure/The cross-interferogram/cross_interf_Milan_asc.png Graphic file (type png)
<use figure/The cross-interferogram/cross_interf_Milan_asc.png>
Package pdftex.def Info: figure/The cross-interferogram/cross_interf_Milan_asc.png  used on input line 601.
(pdftex.def)             Requested size: 113.81102pt x 28.45226pt.
<figure/The cross-interferogram/cross_interf_Milan_asc_row&fitted_20230104.png, id=196, 722.7pt x 433.62pt>
File: figure/The cross-interferogram/cross_interf_Milan_asc_row&fitted_20230104.png Graphic file (type png)
<use figure/The cross-interferogram/cross_interf_Milan_asc_row&fitted_20230104.png>
Package pdftex.def Info: figure/The cross-interferogram/cross_interf_Milan_asc_row&fitted_20230104.png  used on input line 605.
(pdftex.def)             Requested size: 113.81102pt x 68.28227pt.
<figure/The cross-interferogram/cross_interf_Milan_des.png, id=197, 346.896pt x 86.724pt>
File: figure/The cross-interferogram/cross_interf_Milan_des.png Graphic file (type png)
<use figure/The cross-interferogram/cross_interf_Milan_des.png>
Package pdftex.def Info: figure/The cross-interferogram/cross_interf_Milan_des.png  used on input line 614.
(pdftex.def)             Requested size: 113.81102pt x 28.45226pt.
<figure/The cross-interferogram/cross_interf_Milan_des_row&fitted_20230108.png, id=198, 722.7pt x 433.62pt>
File: figure/The cross-interferogram/cross_interf_Milan_des_row&fitted_20230108.png Graphic file (type png)
<use figure/The cross-interferogram/cross_interf_Milan_des_row&fitted_20230108.png>
Package pdftex.def Info: figure/The cross-interferogram/cross_interf_Milan_des_row&fitted_20230108.png  used on input line 618.
(pdftex.def)             Requested size: 113.81102pt x 68.28227pt.
<figure/The cross-interferogram/cross_interf_Finland_asc.png, id=199, 346.896pt x 86.724pt>
File: figure/The cross-interferogram/cross_interf_Finland_asc.png Graphic file (type png)
<use figure/The cross-interferogram/cross_interf_Finland_asc.png>
Package pdftex.def Info: figure/The cross-interferogram/cross_interf_Finland_asc.png  used on input line 628.
(pdftex.def)             Requested size: 113.81102pt x 28.45226pt.
<figure/The cross-interferogram/cross_interf_Finland_asc_row&fitted_20230102.png, id=200, 722.7pt x 433.62pt>
File: figure/The cross-interferogram/cross_interf_Finland_asc_row&fitted_20230102.png Graphic file (type png)
<use figure/The cross-interferogram/cross_interf_Finland_asc_row&fitted_20230102.png>
Package pdftex.def Info: figure/The cross-interferogram/cross_interf_Finland_asc_row&fitted_20230102.png  used on input line 632.
(pdftex.def)             Requested size: 113.81102pt x 68.28227pt.
<figure/The cross-interferogram/cross_interf_Finland_des.png, id=201, 346.896pt x 86.724pt>
File: figure/The cross-interferogram/cross_interf_Finland_des.png Graphic file (type png)
<use figure/The cross-interferogram/cross_interf_Finland_des.png>
Package pdftex.def Info: figure/The cross-interferogram/cross_interf_Finland_des.png  used on input line 641.
(pdftex.def)             Requested size: 113.81102pt x 28.45226pt.
<figure/The cross-interferogram/cross_interf_Finland_des_row&fitted_20230102.png, id=202, 722.7pt x 433.62pt>
File: figure/The cross-interferogram/cross_interf_Finland_des_row&fitted_20230102.png Graphic file (type png)
<use figure/The cross-interferogram/cross_interf_Finland_des_row&fitted_20230102.png>
Package pdftex.def Info: figure/The cross-interferogram/cross_interf_Finland_des_row&fitted_20230102.png  used on input line 645.
(pdftex.def)             Requested size: 113.81102pt x 68.28227pt.
<figure/The coherence/coh_TaklimakanDesert_asc_esd1.png, id=207, 346.896pt x 187.902pt>
File: figure/The coherence/coh_TaklimakanDesert_asc_esd1.png Graphic file (type png)
<use figure/The coherence/coh_TaklimakanDesert_asc_esd1.png>
Package pdftex.def Info: figure/The coherence/coh_TaklimakanDesert_asc_esd1.png  used on input line 662.
(pdftex.def)             Requested size: 113.81102pt x 61.64658pt.
<figure/The coherence/coh_TaklimakanDesert_asc_esd1_histogram_.png, id=208, 462.528pt x 346.896pt>
File: figure/The coherence/coh_TaklimakanDesert_asc_esd1_histogram_.png Graphic file (type png)
<use figure/The coherence/coh_TaklimakanDesert_asc_esd1_histogram_.png>
Package pdftex.def Info: figure/The coherence/coh_TaklimakanDesert_asc_esd1_histogram_.png  used on input line 666.
(pdftex.def)             Requested size: 113.81102pt x 85.35814pt.
<figure/The coherence/coh_TaklimakanDesert_des_esd1.png, id=209, 346.896pt x 187.902pt>
File: figure/The coherence/coh_TaklimakanDesert_des_esd1.png Graphic file (type png)
<use figure/The coherence/coh_TaklimakanDesert_des_esd1.png>
Package pdftex.def Info: figure/The coherence/coh_TaklimakanDesert_des_esd1.png  used on input line 675.
(pdftex.def)             Requested size: 113.81102pt x 61.64658pt.
<figure/The coherence/coh_TaklimakanDesert_des_esd1_histogram_.png, id=210, 462.528pt x 346.896pt>
File: figure/The coherence/coh_TaklimakanDesert_des_esd1_histogram_.png Graphic file (type png)
<use figure/The coherence/coh_TaklimakanDesert_des_esd1_histogram_.png>
Package pdftex.def Info: figure/The coherence/coh_TaklimakanDesert_des_esd1_histogram_.png  used on input line 679.
(pdftex.def)             Requested size: 113.81102pt x 85.35814pt.
<figure/The coherence/coh_Mexico_asc_esd1.png, id=211, 346.896pt x 93.951pt>
File: figure/The coherence/coh_Mexico_asc_esd1.png Graphic file (type png)
<use figure/The coherence/coh_Mexico_asc_esd1.png>
Package pdftex.def Info: figure/The coherence/coh_Mexico_asc_esd1.png  used on input line 689.
(pdftex.def)             Requested size: 113.81102pt x 30.82329pt.
<figure/The coherence/coh_Mexico_asc_esd1_histogram_.png, id=212, 462.528pt x 346.896pt>
File: figure/The coherence/coh_Mexico_asc_esd1_histogram_.png Graphic file (type png)
<use figure/The coherence/coh_Mexico_asc_esd1_histogram_.png>
Package pdftex.def Info: figure/The coherence/coh_Mexico_asc_esd1_histogram_.png  used on input line 693.
(pdftex.def)             Requested size: 113.81102pt x 85.35814pt.
<figure/The coherence/coh_Mexico_des_esd1.png, id=213, 346.896pt x 93.951pt>
File: figure/The coherence/coh_Mexico_des_esd1.png Graphic file (type png)
<use figure/The coherence/coh_Mexico_des_esd1.png>
Package pdftex.def Info: figure/The coherence/coh_Mexico_des_esd1.png  used on input line 702.
(pdftex.def)             Requested size: 113.81102pt x 30.82329pt.
<figure/The coherence/coh_Mexico_des_esd1_histogram_.png, id=214, 462.528pt x 346.896pt>
File: figure/The coherence/coh_Mexico_des_esd1_histogram_.png Graphic file (type png)
<use figure/The coherence/coh_Mexico_des_esd1_histogram_.png>
Package pdftex.def Info: figure/The coherence/coh_Mexico_des_esd1_histogram_.png  used on input line 706.
(pdftex.def)             Requested size: 113.81102pt x 85.35814pt.
<figure/The coherence/coh_XiAn_asc_esd1.png, id=215, 346.896pt x 93.951pt>
File: figure/The coherence/coh_XiAn_asc_esd1.png Graphic file (type png)
<use figure/The coherence/coh_XiAn_asc_esd1.png>
Package pdftex.def Info: figure/The coherence/coh_XiAn_asc_esd1.png  used on input line 716.
(pdftex.def)             Requested size: 113.81102pt x 30.82329pt.
<figure/The coherence/coh_XiAn_asc_esd1_histogram_.png, id=216, 462.528pt x 346.896pt>
File: figure/The coherence/coh_XiAn_asc_esd1_histogram_.png Graphic file (type png)
<use figure/The coherence/coh_XiAn_asc_esd1_histogram_.png>
Package pdftex.def Info: figure/The coherence/coh_XiAn_asc_esd1_histogram_.png  used on input line 720.
(pdftex.def)             Requested size: 113.81102pt x 85.35814pt.
<figure/The coherence/colorbar.png, id=217, 390.258pt x 86.724pt>
File: figure/The coherence/colorbar.png Graphic file (type png)
<use figure/The coherence/colorbar.png>
Package pdftex.def Info: figure/The coherence/colorbar.png  used on input line 727.
(pdftex.def)             Requested size: 227.62204pt x 50.58313pt.
<figure/The coherence/coh_Milan_asc_esd1.png, id=218, 346.896pt x 93.951pt>
File: figure/The coherence/coh_Milan_asc_esd1.png Graphic file (type png)
<use figure/The coherence/coh_Milan_asc_esd1.png>
Package pdftex.def Info: figure/The coherence/coh_Milan_asc_esd1.png  used on input line 735.
(pdftex.def)             Requested size: 113.81102pt x 30.82329pt.
<figure/The coherence/coh_Milan_asc_esd1_histogram_.png, id=219, 462.528pt x 346.896pt>
File: figure/The coherence/coh_Milan_asc_esd1_histogram_.png Graphic file (type png)
<use figure/The coherence/coh_Milan_asc_esd1_histogram_.png>
Package pdftex.def Info: figure/The coherence/coh_Milan_asc_esd1_histogram_.png  used on input line 739.
(pdftex.def)             Requested size: 113.81102pt x 85.35814pt.
<figure/The coherence/coh_Milan_des_esd1.png, id=220, 346.896pt x 93.951pt>
File: figure/The coherence/coh_Milan_des_esd1.png Graphic file (type png)
<use figure/The coherence/coh_Milan_des_esd1.png>
Package pdftex.def Info: figure/The coherence/coh_Milan_des_esd1.png  used on input line 748.
(pdftex.def)             Requested size: 113.81102pt x 30.82329pt.
<figure/The coherence/coh_Milan_des_esd1_histogram_.png, id=221, 462.528pt x 346.896pt>
File: figure/The coherence/coh_Milan_des_esd1_histogram_.png Graphic file (type png)
<use figure/The coherence/coh_Milan_des_esd1_histogram_.png>
Package pdftex.def Info: figure/The coherence/coh_Milan_des_esd1_histogram_.png  used on input line 752.
(pdftex.def)             Requested size: 113.81102pt x 85.35814pt.
<figure/The coherence/coh_Finland_asc_esd1.png, id=222, 346.896pt x 93.951pt>
File: figure/The coherence/coh_Finland_asc_esd1.png Graphic file (type png)
<use figure/The coherence/coh_Finland_asc_esd1.png>
Package pdftex.def Info: figure/The coherence/coh_Finland_asc_esd1.png  used on input line 762.
(pdftex.def)             Requested size: 113.81102pt x 30.82329pt.
<figure/The coherence/coh_Finland_asc_esd1_histogram_.png, id=223, 462.528pt x 346.896pt>
File: figure/The coherence/coh_Finland_asc_esd1_histogram_.png Graphic file (type png)
<use figure/The coherence/coh_Finland_asc_esd1_histogram_.png>
Package pdftex.def Info: figure/The coherence/coh_Finland_asc_esd1_histogram_.png  used on input line 766.
(pdftex.def)             Requested size: 113.81102pt x 85.35814pt.
<figure/The coherence/coh_Finland_des_esd1.png, id=224, 346.896pt x 93.951pt>
File: figure/The coherence/coh_Finland_des_esd1.png Graphic file (type png)
<use figure/The coherence/coh_Finland_des_esd1.png>
Package pdftex.def Info: figure/The coherence/coh_Finland_des_esd1.png  used on input line 775.
(pdftex.def)             Requested size: 113.81102pt x 30.82329pt.
<figure/The coherence/coh_Finland_des_esd1_histogram_.png, id=225, 462.528pt x 346.896pt>
File: figure/The coherence/coh_Finland_des_esd1_histogram_.png Graphic file (type png)
<use figure/The coherence/coh_Finland_des_esd1_histogram_.png>
Package pdftex.def Info: figure/The coherence/coh_Finland_des_esd1_histogram_.png  used on input line 779.
(pdftex.def)             Requested size: 113.81102pt x 85.35814pt.
[8{/usr/local/texlive/2023/texmf-dist/fonts/enc/dvips/cm-super/cm-super-ts1.enc}] [9] [10 <./figure/The cross-interferogram/cross_interf_TaklimakanDesert_asc.png> <./figure/The cross-interferogram/cross_interf_TaklimakanDesert_asc_row&fitted_20230102.png> <./figure/The cross-interferogram/cross_interf_TaklimakanDesert_des.png> <./figure/The cross-interferogram/cross_interf_TaklimakanDesert_des_row&fitted_20230108.png> <./figure/The cross-interferogram/cross_interf_Mexico_asc.png> <./figure/The cross-interferogram/cross_interf_Mexico_asc_row&fitted_20230104.png> <./figure/The cross-interferogram/cross_interf_Mexico_des.png> <./figure/The cross-interferogram/cross_interf_Mexico_des_row&fitted_20230106.png> <./figure/The cross-interferogram/cross_interf_XiAn_asc.png> <./figure/The cross-interferogram/cross_interf_XiAn_asc_row&fitted_20230109.png> <./figure/The cross-interferogram/colorbar.png> <./figure/The cross-interferogram/cross_interf_Milan_asc.png> <./figure/The cross-interferogram/cross_interf_Milan_asc_row&fitted_20230104.png> <./figure/The cross-interferogram/cross_interf_Milan_des.png> <./figure/The cross-interferogram/cross_interf_Milan_des_row&fitted_20230108.png> <./figure/The cross-interferogram/cross_interf_Finland_asc.png> <./figure/The cross-interferogram/cross_interf_Finland_asc_row&fitted_20230102.png> <./figure/The cross-interferogram/cross_interf_Finland_des.png> <./figure/The cross-interferogram/cross_interf_Finland_des_row&fitted_20230102.png>] [11 <./figure/The coherence/coh_TaklimakanDesert_asc_esd1.png> <./figure/The coherence/coh_TaklimakanDesert_asc_esd1_histogram_.png> <./figure/The coherence/coh_TaklimakanDesert_des_esd1.png> <./figure/The coherence/coh_TaklimakanDesert_des_esd1_histogram_.png> <./figure/The coherence/coh_Mexico_asc_esd1.png> <./figure/The coherence/coh_Mexico_asc_esd1_histogram_.png> <./figure/The coherence/coh_Mexico_des_esd1.png> <./figure/The coherence/coh_Mexico_des_esd1_histogram_.png> <./figure/The coherence/coh_XiAn_asc_esd1.png> <./figure/The coherence/coh_XiAn_asc_esd1_histogram_.png> <./figure/The coherence/colorbar.png> <./figure/The coherence/coh_Milan_asc_esd1.png> <./figure/The coherence/coh_Milan_asc_esd1_histogram_.png> <./figure/The coherence/coh_Milan_des_esd1.png> <./figure/The coherence/coh_Milan_des_esd1_histogram_.png> <./figure/The coherence/coh_Finland_asc_esd1.png> <./figure/The coherence/coh_Finland_asc_esd1_histogram_.png> <./figure/The coherence/coh_Finland_des_esd1.png> <./figure/The coherence/coh_Finland_des_esd1_histogram_.png>]
Overfull \hbox (6.0099pt too wide) in alignment at lines 801--823
[] [] [] [] [] [] [] [] [] [] [] [] 
 []


Overfull \hbox (6.0099pt too wide) in alignment at lines 831--853
[] [] [] [] [] [] [] [] [] [] [] [] 
 []

<figure/The azimuth shift/shift_Milan_asc_20220626.png, id=296, 729.927pt x 585.387pt>
File: figure/The azimuth shift/shift_Milan_asc_20220626.png Graphic file (type png)
<use figure/The azimuth shift/shift_Milan_asc_20220626.png>
Package pdftex.def Info: figure/The azimuth shift/shift_Milan_asc_20220626.png  used on input line 870.
(pdftex.def)             Requested size: 136.5746pt x 109.52754pt.
<figure/The azimuth shift/shift_Milan_asc_20221223.png, id=297, 729.927pt x 585.387pt>
File: figure/The azimuth shift/shift_Milan_asc_20221223.png Graphic file (type png)
<use figure/The azimuth shift/shift_Milan_asc_20221223.png>
Package pdftex.def Info: figure/The azimuth shift/shift_Milan_asc_20221223.png  used on input line 876.
(pdftex.def)             Requested size: 136.5746pt x 109.52754pt.
<figure/The azimuth shift/shift_Milan_asc_20231230.png, id=298, 729.927pt x 585.387pt>
File: figure/The azimuth shift/shift_Milan_asc_20231230.png Graphic file (type png)
<use figure/The azimuth shift/shift_Milan_asc_20231230.png>
Package pdftex.def Info: figure/The azimuth shift/shift_Milan_asc_20231230.png  used on input line 882.
(pdftex.def)             Requested size: 136.5746pt x 109.52754pt.
<figure/The azimuth shift/shift_Milan_des_20220630.png, id=299, 729.927pt x 585.387pt>
File: figure/The azimuth shift/shift_Milan_des_20220630.png Graphic file (type png)
<use figure/The azimuth shift/shift_Milan_des_20220630.png>
Package pdftex.def Info: figure/The azimuth shift/shift_Milan_des_20220630.png  used on input line 889.
(pdftex.def)             Requested size: 136.5746pt x 109.52754pt.
<figure/The azimuth shift/shift_Milan_des_20221227.png, id=300, 729.927pt x 585.387pt>
File: figure/The azimuth shift/shift_Milan_des_20221227.png Graphic file (type png)
<use figure/The azimuth shift/shift_Milan_des_20221227.png>
Package pdftex.def Info: figure/The azimuth shift/shift_Milan_des_20221227.png  used on input line 895.
(pdftex.def)             Requested size: 136.5746pt x 109.52754pt.
<figure/The azimuth shift/shift_Milan_des_20231222.png, id=301, 729.927pt x 585.387pt>
File: figure/The azimuth shift/shift_Milan_des_20231222.png Graphic file (type png)
<use figure/The azimuth shift/shift_Milan_des_20231222.png>
Package pdftex.def Info: figure/The azimuth shift/shift_Milan_des_20231222.png  used on input line 901.
(pdftex.def)             Requested size: 136.5746pt x 109.52754pt.
<figure/The azimuth shift/shift_TaklimakanDesert_asc_20220624.png, id=302, 729.927pt x 585.387pt>
File: figure/The azimuth shift/shift_TaklimakanDesert_asc_20220624.png Graphic file (type png)
<use figure/The azimuth shift/shift_TaklimakanDesert_asc_20220624.png>
Package pdftex.def Info: figure/The azimuth shift/shift_TaklimakanDesert_asc_20220624.png  used on input line 907.
(pdftex.def)             Requested size: 136.5746pt x 109.52754pt.
<figure/The azimuth shift/shift_TaklimakanDesert_asc_20221221.png, id=303, 729.927pt x 585.387pt>
File: figure/The azimuth shift/shift_TaklimakanDesert_asc_20221221.png Graphic file (type png)
<use figure/The azimuth shift/shift_TaklimakanDesert_asc_20221221.png>
Package pdftex.def Info: figure/The azimuth shift/shift_TaklimakanDesert_asc_20221221.png  used on input line 913.
(pdftex.def)             Requested size: 136.5746pt x 109.52754pt.
<figure/The azimuth shift/shift_TaklimakanDesert_asc_20231228.png, id=304, 729.927pt x 585.387pt>
File: figure/The azimuth shift/shift_TaklimakanDesert_asc_20231228.png Graphic file (type png)
<use figure/The azimuth shift/shift_TaklimakanDesert_asc_20231228.png>
Package pdftex.def Info: figure/The azimuth shift/shift_TaklimakanDesert_asc_20231228.png  used on input line 919.
(pdftex.def)             Requested size: 136.5746pt x 109.52754pt.
<figure/The azimuth shift/shift_TaklimakanDesert_des_20221227.png, id=305, 729.927pt x 585.387pt>
File: figure/The azimuth shift/shift_TaklimakanDesert_des_20221227.png Graphic file (type png)
<use figure/The azimuth shift/shift_TaklimakanDesert_des_20221227.png>
Package pdftex.def Info: figure/The azimuth shift/shift_TaklimakanDesert_des_20221227.png  used on input line 926.
(pdftex.def)             Requested size: 136.5746pt x 109.52754pt.
<figure/The azimuth shift/shift_TaklimakanDesert_des_20230625.png, id=306, 729.927pt x 585.387pt>
File: figure/The azimuth shift/shift_TaklimakanDesert_des_20230625.png Graphic file (type png)
<use figure/The azimuth shift/shift_TaklimakanDesert_des_20230625.png>
Package pdftex.def Info: figure/The azimuth shift/shift_TaklimakanDesert_des_20230625.png  used on input line 932.
(pdftex.def)             Requested size: 136.5746pt x 109.52754pt.
<figure/The azimuth shift/colorbar.png, id=307, 722.7pt x 578.16pt>
File: figure/The azimuth shift/colorbar.png Graphic file (type png)
<use figure/The azimuth shift/colorbar.png>
Package pdftex.def Info: figure/The azimuth shift/colorbar.png  used on input line 938.
(pdftex.def)             Requested size: 136.5746pt x 109.26047pt.
[12] [13 <./figure/The azimuth shift/shift_Milan_asc_20220626.png> <./figure/The azimuth shift/shift_Milan_asc_20221223.png> <./figure/The azimuth shift/shift_Milan_asc_20231230.png> <./figure/The azimuth shift/shift_Milan_des_20220630.png> <./figure/The azimuth shift/shift_Milan_des_20221227.png> <./figure/The azimuth shift/shift_Milan_des_20231222.png> <./figure/The azimuth shift/shift_TaklimakanDesert_asc_20220624.png> <./figure/The azimuth shift/shift_TaklimakanDesert_asc_20221221.png> <./figure/The azimuth shift/shift_TaklimakanDesert_asc_20231228.png> <./figure/The azimuth shift/shift_TaklimakanDesert_des_20221227.png> <./figure/The azimuth shift/shift_TaklimakanDesert_des_20230625.png> <./figure/The azimuth shift/colorbar.png>]
<figure/The azimuth shift of the slave images relative to the master image before and after the precise orbit configuration/asc.PNG, id=335, 1003.75pt x 803.0pt>
File: figure/The azimuth shift of the slave images relative to the master image before and after the precise orbit configuration/asc.PNG Graphic file (type png)
<use figure/The azimuth shift of the slave images relative to the master image before and after the precise orbit configuration/asc.PNG>
Package pdftex.def Info: figure/The azimuth shift of the slave images relative to the master image before and after the precise orbit configuration/asc.PNG  used on input line 956.
(pdftex.def)             Requested size: 227.62204pt x 182.08852pt.
<figure/The azimuth shift of the slave images relative to the master image before and after the precise orbit configuration/des.png, id=336, 1003.75pt x 803.0pt>
File: figure/The azimuth shift of the slave images relative to the master image before and after the precise orbit configuration/des.png Graphic file (type png)
<use figure/The azimuth shift of the slave images relative to the master image before and after the precise orbit configuration/des.png>
Package pdftex.def Info: figure/The azimuth shift of the slave images relative to the master image before and after the precise orbit configuration/des.png  used on input line 962.
(pdftex.def)             Requested size: 227.62204pt x 182.08852pt.
 [14 <./figure/The azimuth shift of the slave images relative to the master image before and after the precise orbit configuration/asc.PNG (PNG copy)> <./figure/The azimuth shift of the slave images relative to the master image before and after the precise orbit configuration/des.png (PNG copy)>] (./main.bbl [15]
Underfull \hbox (badness 1062) in paragraph at lines 113--118
[]\OT1/cmr/m/n/10 Sansosti, E., Be-rardino, P., Ma-nunta, M., Ser-afino, F., Fornaro, G., 2006.  Ge-o-met-ri-cal sar
 []


Underfull \hbox (badness 1661) in paragraph at lines 113--118
\OT1/cmr/m/n/10 im-age reg-is-tra-tion.  IEEE Trans-ac-tions on Geo-science and Re-mote Sens-ing 44, 2861--2870.
 []

) [16] (./main.aux) ) 
Here is how much of TeX's memory you used:
 15113 strings out of 476001
 264565 string characters out of 5789199
 1952074 words of memory out of 5000000
 35191 multiletter control sequences out of 15000+600000
 523840 words of font info for 74 fonts, out of 8000000 for 9000
 1141 hyphenation exceptions out of 8191
 90i,20n,90p,2996b,605s stack positions out of 10000i,1000n,20000p,200000b,200000s
</usr/local/texlive/2023/texmf-dist/fonts/type1/public/amsfonts/cm/cmbx10.pfb></usr/local/texlive/2023/texmf-dist/fonts/type1/public/amsfonts/cm/cmex10.pfb></usr/local/texlive/2023/texmf-dist/fonts/type1/public/amsfonts/cm/cmmi10.pfb></usr/local/texlive/2023/texmf-dist/fonts/type1/public/amsfonts/cm/cmmi7.pfb></usr/local/texlive/2023/texmf-dist/fonts/type1/public/amsfonts/cm/cmmi8.pfb></usr/local/texlive/2023/texmf-dist/fonts/type1/public/amsfonts/cm/cmr10.pfb></usr/local/texlive/2023/texmf-dist/fonts/type1/public/amsfonts/cm/cmr12.pfb></usr/local/texlive/2023/texmf-dist/fonts/type1/public/amsfonts/cm/cmr5.pfb></usr/local/texlive/2023/texmf-dist/fonts/type1/public/amsfonts/cm/cmr6.pfb></usr/local/texlive/2023/texmf-dist/fonts/type1/public/amsfonts/cm/cmr7.pfb></usr/local/texlive/2023/texmf-dist/fonts/type1/public/amsfonts/cm/cmr8.pfb></usr/local/texlive/2023/texmf-dist/fonts/type1/public/amsfonts/cm/cmss8.pfb></usr/local/texlive/2023/texmf-dist/fonts/type1/public/amsfonts/cm/cmsy10.pfb></usr/local/texlive/2023/texmf-dist/fonts/type1/public/amsfonts/cm/cmsy6.pfb></usr/local/texlive/2023/texmf-dist/fonts/type1/public/amsfonts/cm/cmsy7.pfb></usr/local/texlive/2023/texmf-dist/fonts/type1/public/amsfonts/cm/cmsy8.pfb></usr/local/texlive/2023/texmf-dist/fonts/type1/public/amsfonts/cm/cmti10.pfb></usr/local/texlive/2023/texmf-dist/fonts/type1/public/amsfonts/cm/cmti7.pfb></usr/local/texlive/2023/texmf-dist/fonts/type1/public/amsfonts/cm/cmti8.pfb></usr/local/texlive/2023/texmf-dist/fonts/type1/public/amsfonts/cm/cmtt10.pfb></usr/local/texlive/2023/texmf-dist/fonts/type1/public/cm-super/sfrm1000.pfb>
Output written on main.pdf (16 pages, 60507885 bytes).
PDF statistics:
 495 PDF objects out of 1000 (max. 8388607)
 314 compressed objects within 4 object streams
 89 named destinations out of 1000 (max. 500000)
 301 words of extra memory for PDF output out of 10000 (max. 10000000)

